{
  "stats": {
    "suites": 2,
    "tests": 4,
    "passes": 4,
    "pending": 0,
    "failures": 0,
    "start": "2025-08-13T05:32:52.642Z",
    "end": "2025-08-13T05:32:57.912Z",
    "duration": 5270,
    "testsRegistered": 4,
    "passPercent": 100,
    "pendingPercent": 0,
    "other": 0,
    "hasOther": false,
    "skipped": 0,
    "hasSkipped": false
  },
  "results": [
    {
      "uuid": "9019ef54-09dd-4f54-b43a-6ca184e95a4b",
      "title": "",
      "fullFile": "",
      "file": "",
      "beforeHooks": [],
      "afterHooks": [],
      "tests": [],
      "suites": [
        {
          "uuid": "da4388a9-e0a9-4e10-9a9b-a94976be0a82",
          "title": "Sesi 10 - SauceDemo Automation Test",
          "fullFile": "C:\\Users\\LENOVO\\Documents\\QA Engineer\\Belajar_Selenium\\Test_SauceDemo\\tests\\Sesi_10\\sesi10-test_sauce.js",
          "file": "\\tests\\Sesi_10\\sesi10-test_sauce.js",
          "beforeHooks": [
            {
              "title": "\"before all\" hook in \"Sesi 10 - SauceDemo Automation Test\"",
              "fullTitle": "Sesi 10 - SauceDemo Automation Test \"before all\" hook in \"Sesi 10 - SauceDemo Automation Test\"",
              "timedOut": false,
              "duration": 992,
              "state": null,
              "speed": null,
              "pass": false,
              "fail": false,
              "pending": false,
              "context": null,
              "code": "const browser = process.env.BROWSER || 'chrome';\nconst mode = process.env.MODE || 'headed';\nlet builder = new Builder().forBrowser(browser);\nif (browser === 'chrome') {\n  let options = new chrome.Options().addArguments('--incognito');\n  if (mode === 'headless') {\n    options.addArguments('--headless', '--disable-gpu', '--window-size=1920,1080');\n  }\n  builder.setChromeOptions(options);\n} else if (browser === 'firefox') {\n  let options = new firefox.Options().addArguments('-private');\n  if (mode === 'headless') {\n    options.headless();\n  }\n  builder.setFirefoxOptions(options);\n}\ndriver = await builder.build();",
              "err": {},
              "uuid": "c6180bf2-2b72-447d-a2e7-24bc4b67120e",
              "parentUUID": "da4388a9-e0a9-4e10-9a9b-a94976be0a82",
              "isHook": true,
              "skipped": false
            }
          ],
          "afterHooks": [
            {
              "title": "\"after all\" hook in \"Sesi 10 - SauceDemo Automation Test\"",
              "fullTitle": "Sesi 10 - SauceDemo Automation Test \"after all\" hook in \"Sesi 10 - SauceDemo Automation Test\"",
              "timedOut": false,
              "duration": 105,
              "state": null,
              "speed": null,
              "pass": false,
              "fail": false,
              "pending": false,
              "context": null,
              "code": "await driver.quit();",
              "err": {},
              "uuid": "304711a4-bcbd-4304-903b-a7ffb4984012",
              "parentUUID": "da4388a9-e0a9-4e10-9a9b-a94976be0a82",
              "isHook": true,
              "skipped": false
            }
          ],
          "tests": [
            {
              "title": "Login ke SauceDemo",
              "fullTitle": "Sesi 10 - SauceDemo Automation Test Login ke SauceDemo",
              "timedOut": false,
              "duration": 1469,
              "state": "passed",
              "speed": "slow",
              "pass": true,
              "fail": false,
              "pending": false,
              "context": null,
              "code": "await driver.get('https://www.saucedemo.com');\n// Verifikasi title\nconst title = await driver.getTitle();\nassert.strictEqual(title, 'Swag Labs');\n// Login\nawait driver.findElement(By.css('[data-test=\"username\"]')).sendKeys('standard_user');\nawait driver.findElement(By.css('[data-test=\"password\"]')).sendKeys('secret_sauce');\nawait driver.findElement(By.css('[data-test=\"login-button\"]')).click();\n// Verifikasi login berhasil\nlet cartIcon = await driver.wait(until.elementLocated(By.css('[data-test=\"shopping-cart-link\"]')), 10000);\nawait driver.wait(until.elementIsVisible(cartIcon), 5000);",
              "err": {},
              "uuid": "96c9b151-af26-4c68-a88d-c50bcf0f22bd",
              "parentUUID": "da4388a9-e0a9-4e10-9a9b-a94976be0a82",
              "isHook": false,
              "skipped": false
            },
            {
              "title": "Mengurutkan produk dari Z ke A",
              "fullTitle": "Sesi 10 - SauceDemo Automation Test Mengurutkan produk dari Z ke A",
              "timedOut": false,
              "duration": 151,
              "state": "passed",
              "speed": "slow",
              "pass": true,
              "fail": false,
              "pending": false,
              "context": null,
              "code": "// Dropdown sorting\nlet dropdownSort = await driver.wait(\n  until.elementLocated(By.css('[data-test=\"product-sort-container\"]')),\n  10000\n);\nawait driver.wait(until.elementIsVisible(dropdownSort), 5000);\nawait dropdownSort.sendKeys('Name (Z to A)');\n// Ambil produk pertama\nconst firstProduct = await driver.wait(\n  until.elementLocated(By.className('inventory_item_name')),\n  10000\n);\nconst productName = await firstProduct.getText();\nassert.strictEqual(\n  productName,\n  'Test.allTheThings() T-Shirt (Red)',\n  'Produk pertama tidak sesuai Z-A'\n);",
              "err": {},
              "uuid": "2d3f6cc1-c085-4cbf-8474-82513c265256",
              "parentUUID": "da4388a9-e0a9-4e10-9a9b-a94976be0a82",
              "isHook": false,
              "skipped": false
            }
          ],
          "suites": [],
          "passes": [
            "96c9b151-af26-4c68-a88d-c50bcf0f22bd",
            "2d3f6cc1-c085-4cbf-8474-82513c265256"
          ],
          "failures": [],
          "pending": [],
          "skipped": [],
          "duration": 1620,
          "root": false,
          "rootEmpty": false,
          "_timeout": 30000
        },
        {
          "uuid": "594c1fe2-c0d4-434c-9173-8e61d6e80f9f",
          "title": "Sesi 9 - SauceDemo Automation Test",
          "fullFile": "C:\\Users\\LENOVO\\Documents\\QA Engineer\\Belajar_Selenium\\Test_SauceDemo\\tests\\Sesi_9\\sesi9-test_sauce.js",
          "file": "\\tests\\Sesi_9\\sesi9-test_sauce.js",
          "beforeHooks": [
            {
              "title": "\"before all\" hook in \"Sesi 9 - SauceDemo Automation Test\"",
              "fullTitle": "Sesi 9 - SauceDemo Automation Test \"before all\" hook in \"Sesi 9 - SauceDemo Automation Test\"",
              "timedOut": false,
              "duration": 967,
              "state": null,
              "speed": null,
              "pass": false,
              "fail": false,
              "pending": false,
              "context": null,
              "code": "const browser = process.env.BROWSER || 'chrome';\nlet builder = new Builder().forBrowser(browser);\nif (browser === 'chrome') {\n  const options = new chrome.Options().addArguments('--incognito');\n  builder.setChromeOptions(options);\n} else if (browser === 'firefox') {\n  const options = new firefox.Options().addArguments('-private');\n  builder.setFirefoxOptions(options);\n}\ndriver = await builder.build();",
              "err": {},
              "uuid": "9362d9b3-a5c8-4388-87d4-8f23774feef1",
              "parentUUID": "594c1fe2-c0d4-434c-9173-8e61d6e80f9f",
              "isHook": true,
              "skipped": false
            }
          ],
          "afterHooks": [
            {
              "title": "\"after all\" hook in \"Sesi 9 - SauceDemo Automation Test\"",
              "fullTitle": "Sesi 9 - SauceDemo Automation Test \"after all\" hook in \"Sesi 9 - SauceDemo Automation Test\"",
              "timedOut": false,
              "duration": 95,
              "state": null,
              "speed": null,
              "pass": false,
              "fail": false,
              "pending": false,
              "context": null,
              "code": "await driver.quit();",
              "err": {},
              "uuid": "e561e2e4-86d9-457b-a7a2-9a525f311316",
              "parentUUID": "594c1fe2-c0d4-434c-9173-8e61d6e80f9f",
              "isHook": true,
              "skipped": false
            }
          ],
          "tests": [
            {
              "title": "Login ke SauceDemo",
              "fullTitle": "Sesi 9 - SauceDemo Automation Test Login ke SauceDemo",
              "timedOut": false,
              "duration": 1323,
              "state": "passed",
              "speed": "slow",
              "pass": true,
              "fail": false,
              "pending": false,
              "context": null,
              "code": "await driver.get('https://www.saucedemo.com');\n// Verifikasi title\nconst title = await driver.getTitle();\nassert.strictEqual(title, 'Swag Labs', 'Title halaman tidak sesuai');\n// Login\nawait driver.findElement(By.css('[data-test=\"username\"]')).sendKeys('standard_user');\nawait driver.findElement(By.css('[data-test=\"password\"]')).sendKeys('secret_sauce');\nawait driver.findElement(By.css('[data-test=\"login-button\"]')).click();\n// Verifikasi login berhasil\nconst cartIcon = await driver.wait(\n  until.elementLocated(By.css('[data-test=\"shopping-cart-link\"]')),\n  10000\n);\nawait driver.wait(until.elementIsVisible(cartIcon), 5000);\nassert.ok(await cartIcon.isDisplayed(), 'Ikon keranjang tidak muncul setelah login');",
              "err": {},
              "uuid": "87f99846-ca61-44f5-81cd-8a6b145923cc",
              "parentUUID": "594c1fe2-c0d4-434c-9173-8e61d6e80f9f",
              "isHook": false,
              "skipped": false
            },
            {
              "title": "Mengurutkan produk dari Z ke A",
              "fullTitle": "Sesi 9 - SauceDemo Automation Test Mengurutkan produk dari Z ke A",
              "timedOut": false,
              "duration": 152,
              "state": "passed",
              "speed": "slow",
              "pass": true,
              "fail": false,
              "pending": false,
              "context": null,
              "code": "// Dropdown sorting\nconst dropdownSort = await driver.wait(\n  until.elementLocated(By.css('[data-test=\"product-sort-container\"]')),\n  10000\n);\nawait driver.wait(until.elementIsVisible(dropdownSort), 5000);\nawait dropdownSort.sendKeys('Name (Z to A)');\n// Ambil produk pertama\nconst firstProduct = await driver.wait(\n  until.elementLocated(By.className('inventory_item_name')),\n  10000\n);\nconst productName = await firstProduct.getText();\n// Validasi hasil sorting\nassert.strictEqual(\n  productName,\n  'Test.allTheThings() T-Shirt (Red)',\n  'Produk pertama tidak sesuai urutan Z-A'\n);",
              "err": {},
              "uuid": "46cabad8-9c2f-4bbd-ad91-14c665c8fcf7",
              "parentUUID": "594c1fe2-c0d4-434c-9173-8e61d6e80f9f",
              "isHook": false,
              "skipped": false
            }
          ],
          "suites": [],
          "passes": [
            "87f99846-ca61-44f5-81cd-8a6b145923cc",
            "46cabad8-9c2f-4bbd-ad91-14c665c8fcf7"
          ],
          "failures": [],
          "pending": [],
          "skipped": [],
          "duration": 1475,
          "root": false,
          "rootEmpty": false,
          "_timeout": 30000
        }
      ],
      "passes": [],
      "failures": [],
      "pending": [],
      "skipped": [],
      "duration": 0,
      "root": true,
      "rootEmpty": true,
      "_timeout": 60000
    }
  ],
  "meta": {
    "mocha": {
      "version": "11.7.1"
    },
    "mochawesome": {
      "options": {
        "quiet": false,
        "reportFilename": "mochawesome",
        "saveHtml": true,
        "saveJson": true,
        "consoleReporter": "spec",
        "useInlineDiffs": false,
        "code": true
      },
      "version": "7.1.3"
    },
    "marge": {
      "options": null,
      "version": "6.2.0"
    }
  }
}