{
  "stats": {
    "suites": 2,
    "tests": 4,
    "passes": 4,
    "pending": 0,
    "failures": 0,
    "start": "2025-08-09T15:28:12.580Z",
    "end": "2025-08-09T15:28:17.020Z",
    "duration": 4440,
    "testsRegistered": 4,
    "passPercent": 100,
    "pendingPercent": 0,
    "other": 0,
    "hasOther": false,
    "skipped": 0,
    "hasSkipped": false
  },
  "results": [
    {
      "uuid": "182847ed-946b-4273-b843-80388f3e4b89",
      "title": "",
      "fullFile": "",
      "file": "",
      "beforeHooks": [],
      "afterHooks": [],
      "tests": [],
      "suites": [
        {
          "uuid": "0578cef3-8389-4973-ade0-d1695f253b2a",
          "title": "Sesi 10 - SauceDemo Automation Test",
          "fullFile": "C:\\Users\\LENOVO\\Documents\\QA Engineer\\Belajar_Selenium\\Test_SauceDemo\\tests\\Sesi_10\\sesi10-test_sauce.js",
          "file": "\\tests\\Sesi_10\\sesi10-test_sauce.js",
          "beforeHooks": [
            {
              "title": "\"before all\" hook in \"Sesi 10 - SauceDemo Automation Test\"",
              "fullTitle": "Sesi 10 - SauceDemo Automation Test \"before all\" hook in \"Sesi 10 - SauceDemo Automation Test\"",
              "timedOut": false,
              "duration": 1113,
              "state": null,
              "speed": null,
              "pass": false,
              "fail": false,
              "pending": false,
              "context": null,
              "code": "const browser = process.env.BROWSER || 'chrome';\nconst mode = process.env.MODE || 'headed';\nlet builder = new Builder().forBrowser(browser);\nif (browser === 'chrome') {\n  let options = new chrome.Options().addArguments('--incognito');\n  if (mode === 'headless') {\n    options.addArguments('--headless', '--disable-gpu', '--window-size=1920,1080');\n  }\n  builder.setChromeOptions(options);\n} else if (browser === 'firefox') {\n  let options = new firefox.Options().addArguments('-private');\n  if (mode === 'headless') {\n    options.headless();\n  }\n  builder.setFirefoxOptions(options);\n}\ndriver = await builder.build();",
              "err": {},
              "uuid": "511a23d6-eb9d-4186-aece-014775df6991",
              "parentUUID": "0578cef3-8389-4973-ade0-d1695f253b2a",
              "isHook": true,
              "skipped": false
            }
          ],
          "afterHooks": [
            {
              "title": "\"after all\" hook in \"Sesi 10 - SauceDemo Automation Test\"",
              "fullTitle": "Sesi 10 - SauceDemo Automation Test \"after all\" hook in \"Sesi 10 - SauceDemo Automation Test\"",
              "timedOut": false,
              "duration": 66,
              "state": null,
              "speed": null,
              "pass": false,
              "fail": false,
              "pending": false,
              "context": null,
              "code": "await driver.quit();",
              "err": {},
              "uuid": "3dff514f-85b3-4fab-9170-967d57b6c6c7",
              "parentUUID": "0578cef3-8389-4973-ade0-d1695f253b2a",
              "isHook": true,
              "skipped": false
            }
          ],
          "tests": [
            {
              "title": "Login ke SauceDemo",
              "fullTitle": "Sesi 10 - SauceDemo Automation Test Login ke SauceDemo",
              "timedOut": false,
              "duration": 1303,
              "state": "passed",
              "speed": "slow",
              "pass": true,
              "fail": false,
              "pending": false,
              "context": null,
              "code": "await driver.get('https://www.saucedemo.com');\n// Verifikasi title\nconst title = await driver.getTitle();\nassert.strictEqual(title, 'Swag Labs');\n// Login\nawait driver.findElement(By.css('[data-test=\"username\"]')).sendKeys('standard_user');\nawait driver.findElement(By.css('[data-test=\"password\"]')).sendKeys('secret_sauce');\nawait driver.findElement(By.css('[data-test=\"login-button\"]')).click();\n// Verifikasi login berhasil\nlet cartIcon = await driver.wait(until.elementLocated(By.css('[data-test=\"shopping-cart-link\"]')), 10000);\nawait driver.wait(until.elementIsVisible(cartIcon), 5000);",
              "err": {},
              "uuid": "13343aa5-08e6-4910-b0a8-b94b08ce8b45",
              "parentUUID": "0578cef3-8389-4973-ade0-d1695f253b2a",
              "isHook": false,
              "skipped": false
            },
            {
              "title": "Mengurutkan produk dari Z ke A",
              "fullTitle": "Sesi 10 - SauceDemo Automation Test Mengurutkan produk dari Z ke A",
              "timedOut": false,
              "duration": 96,
              "state": "passed",
              "speed": "slow",
              "pass": true,
              "fail": false,
              "pending": false,
              "context": null,
              "code": "// Dropdown sorting\nlet dropdownSort = await driver.wait(\n  until.elementLocated(By.css('[data-test=\"product-sort-container\"]')),\n  10000\n);\nawait driver.wait(until.elementIsVisible(dropdownSort), 5000);\nawait dropdownSort.sendKeys('Name (Z to A)');\n// Ambil produk pertama\nconst firstProduct = await driver.wait(\n  until.elementLocated(By.className('inventory_item_name')),\n  10000\n);\nconst productName = await firstProduct.getText();\nassert.strictEqual(\n  productName,\n  'Test.allTheThings() T-Shirt (Red)',\n  'Produk pertama tidak sesuai Z-A'\n);",
              "err": {},
              "uuid": "6bd880f7-e424-4698-8c9f-aa8bea2ad265",
              "parentUUID": "0578cef3-8389-4973-ade0-d1695f253b2a",
              "isHook": false,
              "skipped": false
            }
          ],
          "suites": [],
          "passes": [
            "13343aa5-08e6-4910-b0a8-b94b08ce8b45",
            "6bd880f7-e424-4698-8c9f-aa8bea2ad265"
          ],
          "failures": [],
          "pending": [],
          "skipped": [],
          "duration": 1399,
          "root": false,
          "rootEmpty": false,
          "_timeout": 30000
        },
        {
          "uuid": "ac1cec0d-408f-43ba-abae-fe2afe1dd7db",
          "title": "Sesi 9 - SauceDemo Automation Test",
          "fullFile": "C:\\Users\\LENOVO\\Documents\\QA Engineer\\Belajar_Selenium\\Test_SauceDemo\\tests\\Sesi_9\\sesi9-test_sauce.js",
          "file": "\\tests\\Sesi_9\\sesi9-test_sauce.js",
          "beforeHooks": [
            {
              "title": "\"before all\" hook in \"Sesi 9 - SauceDemo Automation Test\"",
              "fullTitle": "Sesi 9 - SauceDemo Automation Test \"before all\" hook in \"Sesi 9 - SauceDemo Automation Test\"",
              "timedOut": false,
              "duration": 802,
              "state": null,
              "speed": null,
              "pass": false,
              "fail": false,
              "pending": false,
              "context": null,
              "code": "const browser = process.env.BROWSER || 'chrome';\nlet builder = new Builder().forBrowser(browser);\nif (browser === 'chrome') {\n  const options = new chrome.Options().addArguments('--incognito');\n  builder.setChromeOptions(options);\n} else if (browser === 'firefox') {\n  const options = new firefox.Options().addArguments('-private');\n  builder.setFirefoxOptions(options);\n}\ndriver = await builder.build();",
              "err": {},
              "uuid": "6c16ddce-fe59-49be-80ea-b3cd51b055c8",
              "parentUUID": "ac1cec0d-408f-43ba-abae-fe2afe1dd7db",
              "isHook": true,
              "skipped": false
            }
          ],
          "afterHooks": [
            {
              "title": "\"after all\" hook in \"Sesi 9 - SauceDemo Automation Test\"",
              "fullTitle": "Sesi 9 - SauceDemo Automation Test \"after all\" hook in \"Sesi 9 - SauceDemo Automation Test\"",
              "timedOut": false,
              "duration": 50,
              "state": null,
              "speed": null,
              "pass": false,
              "fail": false,
              "pending": false,
              "context": null,
              "code": "await driver.quit();",
              "err": {},
              "uuid": "46ba5941-4570-4f0f-b2c2-246671d89ef4",
              "parentUUID": "ac1cec0d-408f-43ba-abae-fe2afe1dd7db",
              "isHook": true,
              "skipped": false
            }
          ],
          "tests": [
            {
              "title": "Login ke SauceDemo",
              "fullTitle": "Sesi 9 - SauceDemo Automation Test Login ke SauceDemo",
              "timedOut": false,
              "duration": 877,
              "state": "passed",
              "speed": "slow",
              "pass": true,
              "fail": false,
              "pending": false,
              "context": null,
              "code": "await driver.get('https://www.saucedemo.com');\n// Verifikasi title\nconst title = await driver.getTitle();\nassert.strictEqual(title, 'Swag Labs', 'Title halaman tidak sesuai');\n// Login\nawait driver.findElement(By.css('[data-test=\"username\"]')).sendKeys('standard_user');\nawait driver.findElement(By.css('[data-test=\"password\"]')).sendKeys('secret_sauce');\nawait driver.findElement(By.css('[data-test=\"login-button\"]')).click();\n// Verifikasi login berhasil\nconst cartIcon = await driver.wait(\n  until.elementLocated(By.css('[data-test=\"shopping-cart-link\"]')),\n  10000\n);\nawait driver.wait(until.elementIsVisible(cartIcon), 5000);\nassert.ok(await cartIcon.isDisplayed(), 'Ikon keranjang tidak muncul setelah login');",
              "err": {},
              "uuid": "31b6fc43-157a-443d-8781-a6229a03a00d",
              "parentUUID": "ac1cec0d-408f-43ba-abae-fe2afe1dd7db",
              "isHook": false,
              "skipped": false
            },
            {
              "title": "Mengurutkan produk dari Z ke A",
              "fullTitle": "Sesi 9 - SauceDemo Automation Test Mengurutkan produk dari Z ke A",
              "timedOut": false,
              "duration": 119,
              "state": "passed",
              "speed": "slow",
              "pass": true,
              "fail": false,
              "pending": false,
              "context": null,
              "code": "// Dropdown sorting\nconst dropdownSort = await driver.wait(\n  until.elementLocated(By.css('[data-test=\"product-sort-container\"]')),\n  10000\n);\nawait driver.wait(until.elementIsVisible(dropdownSort), 5000);\nawait dropdownSort.sendKeys('Name (Z to A)');\n// Ambil produk pertama\nconst firstProduct = await driver.wait(\n  until.elementLocated(By.className('inventory_item_name')),\n  10000\n);\nconst productName = await firstProduct.getText();\n// Validasi hasil sorting\nassert.strictEqual(\n  productName,\n  'Test.allTheThings() T-Shirt (Red)',\n  'Produk pertama tidak sesuai urutan Z-A'\n);",
              "err": {},
              "uuid": "fae846ab-e04b-49aa-b33e-d6605d8c9919",
              "parentUUID": "ac1cec0d-408f-43ba-abae-fe2afe1dd7db",
              "isHook": false,
              "skipped": false
            }
          ],
          "suites": [],
          "passes": [
            "31b6fc43-157a-443d-8781-a6229a03a00d",
            "fae846ab-e04b-49aa-b33e-d6605d8c9919"
          ],
          "failures": [],
          "pending": [],
          "skipped": [],
          "duration": 996,
          "root": false,
          "rootEmpty": false,
          "_timeout": 30000
        }
      ],
      "passes": [],
      "failures": [],
      "pending": [],
      "skipped": [],
      "duration": 0,
      "root": true,
      "rootEmpty": true,
      "_timeout": 60000
    }
  ],
  "meta": {
    "mocha": {
      "version": "11.7.1"
    },
    "mochawesome": {
      "options": {
        "quiet": false,
        "reportFilename": "mochawesome",
        "saveHtml": true,
        "saveJson": true,
        "consoleReporter": "spec",
        "useInlineDiffs": false,
        "code": true
      },
      "version": "7.1.3"
    },
    "marge": {
      "options": null,
      "version": "6.2.0"
    }
  }
}