{
  "stats": {
    "suites": 1,
    "tests": 2,
    "passes": 2,
    "pending": 0,
    "failures": 0,
    "start": "2025-08-13T06:02:32.242Z",
    "end": "2025-08-13T06:02:34.495Z",
    "duration": 2253,
    "testsRegistered": 2,
    "passPercent": 100,
    "pendingPercent": 0,
    "other": 0,
    "hasOther": false,
    "skipped": 0,
    "hasSkipped": false
  },
  "results": [
    {
      "uuid": "78be27de-eef0-460d-8a4d-3f37218a1451",
      "title": "",
      "fullFile": "C:\\Users\\LENOVO\\Documents\\QA Engineer\\Belajar_Selenium\\Sesi11_TestSauceDemo\\tests\\sesi11-test_sauce.js",
      "file": "\\tests\\sesi11-test_sauce.js",
      "beforeHooks": [],
      "afterHooks": [],
      "tests": [],
      "suites": [
        {
          "uuid": "3b1b306c-6ec0-4f56-94fa-6f5ee982aa7f",
          "title": "Sesi 11 - SauceDemo Automation Test (POM, tanpa driverFactory)",
          "fullFile": "C:\\Users\\LENOVO\\Documents\\QA Engineer\\Belajar_Selenium\\Sesi11_TestSauceDemo\\tests\\sesi11-test_sauce.js",
          "file": "\\tests\\sesi11-test_sauce.js",
          "beforeHooks": [
            {
              "title": "\"before all\" hook in \"Sesi 11 - SauceDemo Automation Test (POM, tanpa driverFactory)\"",
              "fullTitle": "Sesi 11 - SauceDemo Automation Test (POM, tanpa driverFactory) \"before all\" hook in \"Sesi 11 - SauceDemo Automation Test (POM, tanpa driverFactory)\"",
              "timedOut": false,
              "duration": 705,
              "state": null,
              "speed": null,
              "pass": false,
              "fail": false,
              "pending": false,
              "context": null,
              "code": "const browser = process.env.BROWSER || 'chrome';\nconst mode = process.env.MODE || 'headed';\nlet builder = new Builder().forBrowser(browser);\nif (browser === 'chrome') {\n  let options = new chrome.Options().addArguments('--incognito');\n  if (mode === 'headless') {\n    options.addArguments('--headless', '--disable-gpu', '--window-size=1920,1080');\n  }\n  builder.setChromeOptions(options);\n} else if (browser === 'firefox') {\n  let options = new firefox.Options().addArguments('-private');\n  if (mode === 'headless') {\n    options.headless();\n  }\n  builder.setFirefoxOptions(options);\n}\ndriver = await builder.build();\nloginPage = new LoginPage(driver);\ninventoryPage = new InventoryPage(driver);",
              "err": {},
              "uuid": "d036eea5-848e-4886-ba77-0bab4222ecaf",
              "parentUUID": "3b1b306c-6ec0-4f56-94fa-6f5ee982aa7f",
              "isHook": true,
              "skipped": false
            }
          ],
          "afterHooks": [
            {
              "title": "\"after all\" hook in \"Sesi 11 - SauceDemo Automation Test (POM, tanpa driverFactory)\"",
              "fullTitle": "Sesi 11 - SauceDemo Automation Test (POM, tanpa driverFactory) \"after all\" hook in \"Sesi 11 - SauceDemo Automation Test (POM, tanpa driverFactory)\"",
              "timedOut": false,
              "duration": 56,
              "state": null,
              "speed": null,
              "pass": false,
              "fail": false,
              "pending": false,
              "context": null,
              "code": "await driver.quit();",
              "err": {},
              "uuid": "42271caa-cb74-49bf-9032-dc984924a3b6",
              "parentUUID": "3b1b306c-6ec0-4f56-94fa-6f5ee982aa7f",
              "isHook": true,
              "skipped": false
            }
          ],
          "tests": [
            {
              "title": "Login ke SauceDemo",
              "fullTitle": "Sesi 11 - SauceDemo Automation Test (POM, tanpa driverFactory) Login ke SauceDemo",
              "timedOut": false,
              "duration": 1364,
              "state": "passed",
              "speed": "slow",
              "pass": true,
              "fail": false,
              "pending": false,
              "context": null,
              "code": "await loginPage.open();\nconst title = await driver.getTitle();\nassert.strictEqual(title, 'Swag Labs');\nawait loginPage.login('standard_user', 'secret_sauce');\nawait loginPage.isLoginSuccessful();",
              "err": {},
              "uuid": "e7f50b58-9b29-4ca8-b90c-09a4e7f44e26",
              "parentUUID": "3b1b306c-6ec0-4f56-94fa-6f5ee982aa7f",
              "isHook": false,
              "skipped": false
            },
            {
              "title": "Mengurutkan produk dari Z ke A",
              "fullTitle": "Sesi 11 - SauceDemo Automation Test (POM, tanpa driverFactory) Mengurutkan produk dari Z ke A",
              "timedOut": false,
              "duration": 118,
              "state": "passed",
              "speed": "slow",
              "pass": true,
              "fail": false,
              "pending": false,
              "context": null,
              "code": "await inventoryPage.sortByZtoA();\nconst productName = await inventoryPage.getFirstProductName();\nassert.strictEqual(\n  productName,\n  'Test.allTheThings() T-Shirt (Red)',\n  'Produk pertama tidak sesuai Z-A'\n);",
              "err": {},
              "uuid": "96c3e767-e428-4193-9658-b08fe9ee2b7e",
              "parentUUID": "3b1b306c-6ec0-4f56-94fa-6f5ee982aa7f",
              "isHook": false,
              "skipped": false
            }
          ],
          "suites": [],
          "passes": [
            "e7f50b58-9b29-4ca8-b90c-09a4e7f44e26",
            "96c3e767-e428-4193-9658-b08fe9ee2b7e"
          ],
          "failures": [],
          "pending": [],
          "skipped": [],
          "duration": 1482,
          "root": false,
          "rootEmpty": false,
          "_timeout": 30000
        }
      ],
      "passes": [],
      "failures": [],
      "pending": [],
      "skipped": [],
      "duration": 0,
      "root": true,
      "rootEmpty": true,
      "_timeout": 60000
    }
  ],
  "meta": {
    "mocha": {
      "version": "11.7.1"
    },
    "mochawesome": {
      "options": {
        "quiet": false,
        "reportFilename": "mochawesome",
        "saveHtml": true,
        "saveJson": true,
        "consoleReporter": "spec",
        "useInlineDiffs": false,
        "code": true
      },
      "version": "7.1.3"
    },
    "marge": {
      "options": null,
      "version": "6.2.0"
    }
  }
}